#
# There is insufficient memory for the Java Runtime Environment to continue.
# Native memory allocation (mmap) failed to map 266338304 bytes for Failed to commit area from 0x0000000703800000 to 0x0000000713600000 of length 266338304.
# Possible reasons:
#   The system is out of physical RAM or swap space
#   The process is running with CompressedOops enabled, and the Java Heap may be blocking the growth of the native heap
# Possible solutions:
#   Reduce memory load on the system
#   Increase physical memory or swap space
#   Check if swap backing store is full
#   Decrease Java heap size (-Xmx/-Xms)
#   Decrease number of Java threads
#   Decrease Java thread stack sizes (-Xss)
#   Set larger code cache with -XX:ReservedCodeCacheSize=
# This output file may be truncated or incomplete.
#
#  Out of Memory Error (./src/hotspot/os/windows/os_windows.cpp:3301), pid=15380, tid=20200
#
# JRE version:  (11.0.10+9) (build )
# Java VM: Dynamic Code Evolution 64-Bit Server VM (11.0.10+9-b1341.35, mixed mode, sharing, tiered, compressed oops, g1 gc, windows-amd64)
# No core dump will be written. Minidumps are not enabled by default on client versions of Windows
#

---------------  S U M M A R Y ------------

Command Line: org.jetbrains.git4idea.http.GitAskPassApp Username for 'https://gitee.com': 

Host: Intel(R) Core(TM) i7-10870H CPU @ 2.20GHz, 16 cores, 15G,  Windows 10 , 64 bit Build 22000 (10.0.22000.708)
Time: Sun Sep 25 16:30:26 2022 中国标准时间 elapsed time: 0.018980 seconds (0d 0h 0m 0s)

---------------  T H R E A D  ---------------

Current thread (0x000001e667809000):  JavaThread "Unknown thread" [_thread_in_vm, id=20200, stack(0x00000095cce00000,0x00000095ccf00000)]

Stack: [0x00000095cce00000,0x00000095ccf00000]
Native frames: (J=compiled Java code, j=interpreted, Vv=VM code, C=native code)
V  [jvm.dll+0x5f84fa]
V  [jvm.dll+0x77e085]
V  [jvm.dll+0x77f5dd]
V  [jvm.dll+0x77fc93]
V  [jvm.dll+0x2457e8]
V  [jvm.dll+0x5f58f4]
V  [jvm.dll+0x5ea975]
V  [jvm.dll+0x30228b]
V  [jvm.dll+0x3021fa]
V  [jvm.dll+0x3020d2]
V  [jvm.dll+0x306fb6]
V  [jvm.dll+0x34f843]
V  [jvm.dll+0x34ff46]
V  [jvm.dll+0x34f943]
V  [jvm.dll+0x2dbcb8]
V  [jvm.dll+0x2dce57]
V  [jvm.dll+0x75c4d7]
V  [jvm.dll+0x75dd6c]
V  [jvm.dll+0x35cdb9]
V  [jvm.dll+0x73fc9e]
V  [jvm.dll+0x3c5663]
V  [jvm.dll+0x3c7a21]
C  [jli.dll+0x5373]
C  [ucrtbase.dll+0x26c0c]
C  [KERNEL32.DLL+0x154e0]
C  [ntdll.dll+0x485b]


---------------  P R O C E S S  ---------------

Threads class SMR info:
_java_thread_list=0x000001e665c73dd0, length=0, elements={
}

Java Threads: ( => current thread )

Other Threads:
  0x000001e66781f800 GCTaskThread "GC Thread#0" [stack: 0x00000095ccf00000,0x00000095cd000000] [id=3820]
  0x000001e66787e800 ConcurrentGCThread "G1 Main Marker" [stack: 0x00000095cd000000,0x00000095cd100000] [id=12192]
  0x000001e667880800 ConcurrentGCThread "G1 Conc#0" [stack: 0x00000095cd100000,0x00000095cd200000] [id=5368]

[error occurred during error reporting (printing all threads), id 0xc0000005, EXCEPTION_ACCESS_VIOLATION (0xc0000005) at pc=0x00007ffe55aec437]

VM state:not at safepoint (not fully initialized)

VM Mutex/Monitor currently owned by a thread:  ([mutex/lock_event])
[0x000001e667804ff0] Heap_lock - owner thread: 0x000001e667809000

Heap address: 0x0000000703800000, size: 4040 MB, Compressed Oops mode: Non-zero based: 0x0000000703800000
Narrow klass base: 0x0000000000000000, Narrow klass shift: 0

GC Heap History (0 events):
No events

Deoptimization events (0 events):
No events

Classes redefined (0 events):
No events

Internal exceptions (0 events):
No events

Events (1 events):
Event: 0.010 Loaded shared library E:\Apps Files\JetBrains\IntelliJ IDEA 2021.1\jbr\bin\zip.dll


Dynamic libraries:
0x00007ff7e1db0000 - 0x00007ff7e1dba000 	E:\Apps Files\JetBrains\IntelliJ IDEA 2021.1\jbr\bin\java.exe
0x00007ffee9800000 - 0x00007ffee9a09000 	C:\Windows\SYSTEM32\ntdll.dll
0x00007ffee8900000 - 0x00007ffee89bd000 	C:\Windows\System32\KERNEL32.DLL
0x00007ffee6e00000 - 0x00007ffee717c000 	C:\Windows\System32\KERNELBASE.dll
0x00007ffee6ce0000 - 0x00007ffee6df1000 	C:\Windows\System32\ucrtbase.dll
0x00007ffec6f90000 - 0x00007ffec6fa9000 	E:\Apps Files\JetBrains\IntelliJ IDEA 2021.1\jbr\bin\jli.dll
0x00007ffedef00000 - 0x00007ffedef17000 	E:\Apps Files\JetBrains\IntelliJ IDEA 2021.1\jbr\bin\VCRUNTIME140.dll
0x00007ffee7700000 - 0x00007ffee78ad000 	C:\Windows\System32\USER32.dll
0x00007ffee7490000 - 0x00007ffee74b6000 	C:\Windows\System32\win32u.dll
0x00007ffee9000000 - 0x00007ffee9029000 	C:\Windows\System32\GDI32.dll
0x00007ffed1300000 - 0x00007ffed15a5000 	C:\Windows\WinSxS\amd64_microsoft.windows.common-controls_6595b64144ccf1df_6.0.22000.120_none_9d947278b86cc467\COMCTL32.dll
0x00007ffee7180000 - 0x00007ffee7299000 	C:\Windows\System32\gdi32full.dll
0x00007ffee9700000 - 0x00007ffee97a3000 	C:\Windows\System32\msvcrt.dll
0x00007ffee74c0000 - 0x00007ffee755d000 	C:\Windows\System32\msvcp_win.dll
0x00007ffee8f40000 - 0x00007ffee8f71000 	C:\Windows\System32\IMM32.DLL
0x000000005e210000 - 0x000000005e21c000 	E:\Apps Files\360\360Safe\safemon\SafeWrapper.dll
0x00007ffee8c80000 - 0x00007ffee8d2e000 	C:\Windows\System32\ADVAPI32.dll
0x00007ffee9030000 - 0x00007ffee90ce000 	C:\Windows\System32\sechost.dll
0x00007ffee79f0000 - 0x00007ffee7b10000 	C:\Windows\System32\RPCRT4.dll
0x00007ffecbbd0000 - 0x00007ffecbc66000 	E:\Apps Files\360\360Safe\safemon\libzdtp64.dll
0x00007ffee8020000 - 0x00007ffee87d8000 	C:\Windows\System32\SHELL32.dll
0x00007ffee7690000 - 0x00007ffee76ed000 	C:\Windows\System32\SHLWAPI.dll
0x00007ffee6660000 - 0x00007ffee666a000 	C:\Windows\SYSTEM32\VERSION.dll
0x00007ffea1cd0000 - 0x00007ffea1d6d000 	E:\Apps Files\JetBrains\IntelliJ IDEA 2021.1\jbr\bin\msvcp140.dll
0x00007ffe55800000 - 0x00007ffe5634f000 	E:\Apps Files\JetBrains\IntelliJ IDEA 2021.1\jbr\bin\server\jvm.dll
0x00007ffee76f0000 - 0x00007ffee76f8000 	C:\Windows\System32\PSAPI.DLL
0x00007ffedcbc0000 - 0x00007ffedcbf3000 	C:\Windows\SYSTEM32\WINMM.dll
0x00007ffe5a1d0000 - 0x00007ffe5a1d9000 	C:\Windows\SYSTEM32\WSOCK32.dll
0x00007ffee8e50000 - 0x00007ffee8ebf000 	C:\Windows\System32\WS2_32.dll
0x00007ffee5e50000 - 0x00007ffee5e68000 	C:\Windows\SYSTEM32\kernel.appcore.dll
0x00007ffec6fb0000 - 0x00007ffec6fc1000 	E:\Apps Files\JetBrains\IntelliJ IDEA 2021.1\jbr\bin\verify.dll
0x00007ffee4920000 - 0x00007ffee4b41000 	C:\Windows\SYSTEM32\DBGHELP.DLL
0x00007ffec5420000 - 0x00007ffec5451000 	C:\Windows\SYSTEM32\dbgcore.DLL
0x00007ffee72a0000 - 0x00007ffee731f000 	C:\Windows\System32\bcryptPrimitives.dll
0x00007ffec0b80000 - 0x00007ffec0ba9000 	E:\Apps Files\JetBrains\IntelliJ IDEA 2021.1\jbr\bin\java.dll
0x00007ffedcc00000 - 0x00007ffedcc0b000 	E:\Apps Files\JetBrains\IntelliJ IDEA 2021.1\jbr\bin\jimage.dll
0x00007ffec09d0000 - 0x00007ffec09e8000 	E:\Apps Files\JetBrains\IntelliJ IDEA 2021.1\jbr\bin\zip.dll

dbghelp: loaded successfully - version: 4.0.5 - missing functions: none
symbol engine: initialized successfully - sym options: 0x614 - pdb path: .;E:\Apps Files\JetBrains\IntelliJ IDEA 2021.1\jbr\bin;C:\Windows\SYSTEM32;C:\Windows\WinSxS\amd64_microsoft.windows.common-controls_6595b64144ccf1df_6.0.22000.120_none_9d947278b86cc467;E:\Apps Files\360\360Safe\safemon;E:\Apps Files\JetBrains\IntelliJ IDEA 2021.1\jbr\bin\server

VM Arguments:
java_command: org.jetbrains.git4idea.http.GitAskPassApp Username for 'https://gitee.com': 
java_class_path (initial): E:/Apps Files/JetBrains/IntelliJ IDEA 2021.1/plugins/git4idea/lib/git4idea-rt.jar;E:/Apps Files/JetBrains/IntelliJ IDEA 2021.1/lib/xmlrpc-2.0.1.jar;E:/Apps Files/JetBrains/IntelliJ IDEA 2021.1/lib/commons-codec-1.15.jar
Launcher Type: SUN_STANDARD

[Global flags]
     intx CICompilerCount                          = 12                                        {product} {ergonomic}
     uint ConcGCThreads                            = 3                                         {product} {ergonomic}
     uint G1ConcRefinementThreads                  = 13                                        {product} {ergonomic}
   size_t G1HeapRegionSize                         = 1048576                                   {product} {ergonomic}
    uintx GCDrainStackTargetSize                   = 64                                        {product} {ergonomic}
   size_t InitialHeapSize                          = 266338304                                 {product} {ergonomic}
   size_t MarkStackSize                            = 4194304                                   {product} {ergonomic}
   size_t MaxHeapSize                              = 4236247040                                {product} {ergonomic}
   size_t MinHeapDeltaBytes                        = 1048576                                   {product} {ergonomic}
    uintx NonNMethodCodeHeapSize                   = 7594288                                {pd product} {ergonomic}
    uintx NonProfiledCodeHeapSize                  = 122031976                              {pd product} {ergonomic}
    uintx ProfiledCodeHeapSize                     = 122031976                              {pd product} {ergonomic}
    uintx ReservedCodeCacheSize                    = 251658240                              {pd product} {ergonomic}
     bool SegmentedCodeCache                       = true                                      {product} {ergonomic}
     bool UseCompressedClassPointers               = true                                 {lp64_product} {ergonomic}
     bool UseCompressedOops                        = true                                 {lp64_product} {ergonomic}
     bool UseG1GC                                  = true                                      {product} {ergonomic}
     bool UseLargePagesIndividualAllocation        = false                                  {pd product} {ergonomic}

Logging:
Log output configuration:
 #0: stdout all=warning uptime,level,tags
 #1: stderr all=off uptime,level,tags

Environment Variables:
JAVA_HOME=D:\Tools\java\jdk1.8
CLASSPATH=.;D:\Tools\java\jdk1.8\lib;D:\Tools\java\jdk1.8\lib\tools.jar
PATH=D:\Tools\Git\mingw64\libexec\git-core;D:\Tools\Git\mingw64\libexec\git-core;D:\Tools\Git\mingw64\bin;D:\Tools\Git\usr\bin;C:\Users\吴\bin;C:\Windows\system32\WBEM;E:\Apps Files\VMware\VMware Workstation\bin;C:\Windows\system32;C:\Windows;C:\Windows\System32\Wbem;C:\Windows\System32\WindowsPowerShell\v1.0;C:\Windows\System32\OpenSSH;C:\Program Files (x86)\NVIDIA Corporation\PhysX\Common;C:\Program Files\NVIDIA Corporation\NVIDIA NvDLISR;C:\Program Files\dotnet;D:\Tools\java\jdk1.8\bin;D:\MySQL\MySQL Server 8.0\bin;D:\Tools\Maven\apache-maven-3.6.3\bin;C:\Program Files\Bandizip;E:\Apps Files\Bandizip;D:\MySQL\MySQL Shell 8.0\bin;C:\Users\吴\AppData\Local\Microsoft\WindowsApps;D:\Apps Files\JetBrains\IntelliJ IDEA 2021.1\bin;D:\Tools\python\python-3.8.10-embed-amd64;D:\Tools\python\python-3.8.10-embed-amd64\Scripts;D:\Tools\node-v16.17.0-win-x64;E:\Apps Files\NetSarang\Xftp 7;E:\Apps Files\NetSarang\Xshell 7;D:\Tools\Git\cmd;D:\MySQL\MySQL Shell 8.0\bin;C:\Users\吴\AppData\Local\Microsoft\WindowsApps;C:\Apps Files\JetBrains\IntelliJ IDEA 2021.1\bin;E:\Apps Files\Microsoft VS Code\bin;E:\Apps Files\JetBrains\PyCharm 2022.1.3\bin;E:\Apps Files\JetBrains\WebStorm 2022.1.3\bin
USERNAME=吴
DISPLAY=:0.0
LC_ALL=en_US.UTF-8
OS=Windows_NT
PROCESSOR_IDENTIFIER=Intel64 Family 6 Model 165 Stepping 2, GenuineIntel



---------------  S Y S T E M  ---------------

OS: Windows 10 , 64 bit Build 22000 (10.0.22000.708)
OS uptime: 0 days 5:50 hours

CPU:total 16 (initial active 16) (8 cores per cpu, 2 threads per core) family 6 model 165 stepping 2 microcode 0xf0, cmov, cx8, fxsr, mmx, sse, sse2, sse3, ssse3, sse4.1, sse4.2, popcnt, avx, avx2, aes, clmul, erms, 3dnowpref, lzcnt, ht, tsc, tscinvbit, bmi1, bmi2, adx, fma

Memory: 4k page, system-wide physical 16158M (6313M free)
TotalPageFile size 19073M (AvailPageFile size 234M)
current process WorkingSet (physical memory assigned to process): 12M, peak: 12M
current process commit charge ("private bytes"): 71M, peak: 325M

vm_info: Dynamic Code Evolution 64-Bit Server VM (11.0.10+9-b1341.35) for windows-amd64 JRE (11.0.10+9-b1341.35), built on Mar 31 2021 02:11:12 by "" with MS VC++ 14.0 (VS2015)

END.
