#
# There is insufficient memory for the Java Runtime Environment to continue.
# Native memory allocation (malloc) failed to allocate 504816 bytes for Chunk::new
# Possible reasons:
#   The system is out of physical RAM or swap space
#   In 32 bit mode, the process size limit was hit
# Possible solutions:
#   Reduce memory load on the system
#   Increase physical memory or swap space
#   Check if swap backing store is full
#   Use 64 bit Java on a 64 bit OS
#   Decrease Java heap size (-Xmx/-Xms)
#   Decrease number of Java threads
#   Decrease Java thread stack sizes (-Xss)
#   Set larger code cache with -XX:ReservedCodeCacheSize=
# This output file may be truncated or incomplete.
#
#  Out of Memory Error (allocation.cpp:390), pid=16832, tid=23456
#
# JRE version: Java(TM) SE Runtime Environment (8.0_31-b13) (build 1.8.0_31-b13)
# Java VM: Java HotSpot(TM) 64-Bit Server VM (25.31-b07 mixed mode windows-amd64 compressed oops)
# Failed to write core dump. Minidumps are not enabled by default on client versions of Windows
#

---------------  T H R E A D  ---------------

Current thread (0x000000000f8bc000):  JavaThread "C2 CompilerThread2" daemon [_thread_in_native, id=23456, stack(0x0000000020790000,0x0000000020890000)]

Stack: [0x0000000020790000,0x0000000020890000]
Native frames: (J=compiled Java code, j=interpreted, Vv=VM code, C=native code)
V  [jvm.dll+0x3169ba]
V  [jvm.dll+0x2674c3]
V  [jvm.dll+0x268103]
V  [jvm.dll+0x25f8f5]
V  [jvm.dll+0xbf025]
V  [jvm.dll+0xbf4cc]
V  [jvm.dll+0x45df82]
V  [jvm.dll+0x49f21f]
V  [jvm.dll+0x453401]
V  [jvm.dll+0x454124]
V  [jvm.dll+0x437c62]
V  [jvm.dll+0x988e2]
V  [jvm.dll+0x990d3]
V  [jvm.dll+0x22c194]
V  [jvm.dll+0x28576a]
C  [msvcr100.dll+0x21d9f]
C  [msvcr100.dll+0x21e3b]
C  [KERNEL32.DLL+0x154e0]
C  [ntdll.dll+0x485b]


Current CompileTask:
C2:   2433 3214       4       org.springframework.core.annotation.AnnotationsScanner::getDeclaredAnnotations (166 bytes)


---------------  P R O C E S S  ---------------

Java Threads: ( => current thread )
  0x000000000f99c800 JavaThread "Service Thread" daemon [_thread_blocked, id=13740, stack(0x0000000021190000,0x0000000021290000)]
  0x000000000f934000 JavaThread "C1 CompilerThread11" daemon [_thread_blocked, id=10028, stack(0x0000000021090000,0x0000000021190000)]
  0x000000000f933000 JavaThread "C1 CompilerThread10" daemon [_thread_blocked, id=19936, stack(0x0000000020f90000,0x0000000021090000)]
  0x000000000f934800 JavaThread "C1 CompilerThread9" daemon [_thread_blocked, id=16184, stack(0x0000000020e90000,0x0000000020f90000)]
  0x000000000f932800 JavaThread "C1 CompilerThread8" daemon [_thread_blocked, id=15892, stack(0x0000000020d90000,0x0000000020e90000)]
  0x000000000f926800 JavaThread "C2 CompilerThread7" daemon [_thread_blocked, id=16400, stack(0x0000000020c90000,0x0000000020d90000)]
  0x000000000f8fc000 JavaThread "C2 CompilerThread6" daemon [_thread_blocked, id=20696, stack(0x0000000020b90000,0x0000000020c90000)]
  0x000000000f8d3000 JavaThread "C2 CompilerThread5" daemon [_thread_in_vm, id=21320, stack(0x0000000020a90000,0x0000000020b90000)]
  0x000000000f8d2800 JavaThread "C2 CompilerThread4" daemon [_thread_blocked, id=20832, stack(0x0000000020990000,0x0000000020a90000)]
  0x000000000f8c1800 JavaThread "C2 CompilerThread3" daemon [_thread_in_native, id=23488, stack(0x0000000020890000,0x0000000020990000)]
=>0x000000000f8bc000 JavaThread "C2 CompilerThread2" daemon [_thread_in_native, id=23456, stack(0x0000000020790000,0x0000000020890000)]
  0x000000000f8b8000 JavaThread "C2 CompilerThread1" daemon [_thread_blocked, id=9420, stack(0x0000000020690000,0x0000000020790000)]
  0x000000000f8b5800 JavaThread "C2 CompilerThread0" daemon [_thread_blocked, id=6252, stack(0x0000000020590000,0x0000000020690000)]
  0x000000000f8b3800 JavaThread "Monitor Ctrl-Break" daemon [_thread_in_native, id=2440, stack(0x0000000020490000,0x0000000020590000)]
  0x000000000f88a800 JavaThread "Attach Listener" daemon [_thread_blocked, id=23540, stack(0x0000000020390000,0x0000000020490000)]
  0x000000000f83d800 JavaThread "Signal Dispatcher" daemon [_thread_blocked, id=19200, stack(0x0000000020290000,0x0000000020390000)]
  0x000000000ddb6000 JavaThread "Finalizer" daemon [_thread_blocked, id=20920, stack(0x0000000020190000,0x0000000020290000)]
  0x000000000ddaf000 JavaThread "Reference Handler" daemon [_thread_blocked, id=18376, stack(0x0000000020090000,0x0000000020190000)]
  0x0000000000ded800 JavaThread "main" [_thread_in_Java, id=9664, stack(0x0000000002b40000,0x0000000002c40000)]

Other Threads:
  0x000000000f7f4800 VMThread [stack: 0x000000001ff90000,0x0000000020090000] [id=23392]
  0x000000000f99e800 WatcherThread [stack: 0x0000000021290000,0x0000000021390000] [id=2288]

VM state:not at safepoint (normal execution)

VM Mutex/Monitor currently owned by a thread: None

Heap:
 PSYoungGen      total 136704K, used 24719K [0x000000076bd80000, 0x0000000778980000, 0x00000007c0000000)
  eden space 125952K, 12% used [0x000000076bd80000,0x000000076cc98cc8,0x0000000773880000)
  from space 10752K, 86% used [0x0000000773880000,0x000000077418aff8,0x0000000774300000)
  to   space 11264K, 0% used [0x0000000777e80000,0x0000000777e80000,0x0000000778980000)
 ParOldGen       total 87040K, used 5415K [0x00000006c3800000, 0x00000006c8d00000, 0x000000076bd80000)
  object space 87040K, 6% used [0x00000006c3800000,0x00000006c3d49d68,0x00000006c8d00000)
 Metaspace       used 29346K, capacity 31982K, committed 32048K, reserved 1077248K
  class space    used 3926K, capacity 4363K, committed 4400K, reserved 1048576K

Card table byte_map: [0x0000000003300000,0x0000000003af0000] byte_map_base: 0xffffffffffce4000

Marking Bits: (ParMarkBitMap*) 0x0000000050bdd4f0
 Begin Bits: [0x0000000004d40000, 0x0000000008c60000)
 End Bits:   [0x0000000008c60000, 0x000000000cb80000)

Polling page: 0x0000000000f00000

CodeCache: size=245760Kb used=12594Kb max_used=12594Kb free=233165Kb
 bounds [0x00000000103c0000, 0x0000000011020000, 0x000000001f3c0000]
 total_blobs=3641 nmethods=3259 adapters=291
 compilation: enabled

Compilation events (10 events):
Event: 2.401 Thread 0x000000000f934800 nmethod 3237 0x0000000011002550 code [0x0000000011002740, 0x0000000011003318]
Event: 2.401 Thread 0x000000000f933000 nmethod 3240 0x0000000011001850 code [0x00000000110019a0, 0x0000000011001b30]
Event: 2.401 Thread 0x000000000f926800 nmethod 3238 0x0000000011002290 code [0x00000000110023e0, 0x0000000011002498]
Event: 2.401 Thread 0x000000000f8b8000 nmethod 3236 0x0000000011001310 code [0x0000000011001460, 0x00000000110016f8]
Event: 2.402 Thread 0x000000000f934000 3241       3       java.beans.FeatureDescriptor::getReturnType (21 bytes)
Event: 2.403 Thread 0x000000000f932800 3242       3       org.springframework.transaction.annotation.AnnotationTransactionAttributeSource::findTransactionAttribute (6 bytes)
Event: 2.403 Thread 0x000000000f934800 3243       3       org.springframework.transaction.annotation.AnnotationTransactionAttributeSource::findTransactionAttribute (6 bytes)
Event: 2.403 Thread 0x000000000f934800 nmethod 3243 0x0000000011000f10 code [0x0000000011001080, 0x0000000011001288]
Event: 2.403 Thread 0x000000000f932800 nmethod 3242 0x0000000011000a90 code [0x0000000011000c00, 0x0000000011000e08]
Event: 2.403 Thread 0x000000000f934000 nmethod 3241 0x0000000011004a50 code [0x0000000011004ce0, 0x0000000011005e58]

GC Heap History (10 events):
Event: 1.322 GC heap before
{Heap before GC invocations=2 (full 0):
 PSYoungGen      total 75776K, used 72871K [0x000000076bd80000, 0x0000000771200000, 0x00000007c0000000)
  eden space 65024K, 100% used [0x000000076bd80000,0x000000076fd00000,0x000000076fd00000)
  from space 10752K, 72% used [0x000000076fd00000,0x00000007704a9c50,0x0000000770780000)
  to   space 10752K, 0% used [0x0000000770780000,0x0000000770780000,0x0000000771200000)
 ParOldGen       total 173568K, used 24K [0x00000006c3800000, 0x00000006ce180000, 0x000000076bd80000)
  object space 173568K, 0% used [0x00000006c3800000,0x00000006c3806000,0x00000006ce180000)
 Metaspace       used 19197K, capacity 20798K, committed 20992K, reserved 1067008K
  class space    used 2532K, capacity 2811K, committed 2816K, reserved 1048576K
Event: 1.331 GC heap after
Heap after GC invocations=2 (full 0):
 PSYoungGen      total 75776K, used 9827K [0x000000076bd80000, 0x0000000775180000, 0x00000007c0000000)
  eden space 65024K, 0% used [0x000000076bd80000,0x000000076bd80000,0x000000076fd00000)
  from space 10752K, 91% used [0x0000000770780000,0x0000000771118cb8,0x0000000771200000)
  to   space 10752K, 0% used [0x000000076fd00000,0x000000076fd00000,0x0000000770780000)
 ParOldGen       total 173568K, used 32K [0x00000006c3800000, 0x00000006ce180000, 0x000000076bd80000)
  object space 173568K, 0% used [0x00000006c3800000,0x00000006c3808000,0x00000006ce180000)
 Metaspace       used 19197K, capacity 20798K, committed 20992K, reserved 1067008K
  class space    used 2532K, capacity 2811K, committed 2816K, reserved 1048576K
}
Event: 1.350 GC heap before
{Heap before GC invocations=3 (full 0):
 PSYoungGen      total 75776K, used 15265K [0x000000076bd80000, 0x0000000775180000, 0x00000007c0000000)
  eden space 65024K, 8% used [0x000000076bd80000,0x000000076c2cf990,0x000000076fd00000)
  from space 10752K, 91% used [0x0000000770780000,0x0000000771118cb8,0x0000000771200000)
  to   space 10752K, 0% used [0x000000076fd00000,0x000000076fd00000,0x0000000770780000)
 ParOldGen       total 173568K, used 32K [0x00000006c3800000, 0x00000006ce180000, 0x000000076bd80000)
  object space 173568K, 0% used [0x00000006c3800000,0x00000006c3808000,0x00000006ce180000)
 Metaspace       used 19670K, capacity 21272K, committed 21296K, reserved 1067008K
  class space    used 2585K, capacity 2858K, committed 2864K, reserved 1048576K
Event: 1.353 GC heap after
Heap after GC invocations=3 (full 0):
 PSYoungGen      total 75776K, used 5665K [0x000000076bd80000, 0x0000000775180000, 0x00000007c0000000)
  eden space 65024K, 0% used [0x000000076bd80000,0x000000076bd80000,0x000000076fd00000)
  from space 10752K, 52% used [0x000000076fd00000,0x0000000770288758,0x0000000770780000)
  to   space 10752K, 0% used [0x0000000774700000,0x0000000774700000,0x0000000775180000)
 ParOldGen       total 173568K, used 40K [0x00000006c3800000, 0x00000006ce180000, 0x000000076bd80000)
  object space 173568K, 0% used [0x00000006c3800000,0x00000006c380a000,0x00000006ce180000)
 Metaspace       used 19670K, capacity 21272K, committed 21296K, reserved 1067008K
  class space    used 2585K, capacity 2858K, committed 2864K, reserved 1048576K
}
Event: 1.353 GC heap before
{Heap before GC invocations=4 (full 1):
 PSYoungGen      total 75776K, used 5665K [0x000000076bd80000, 0x0000000775180000, 0x00000007c0000000)
  eden space 65024K, 0% used [0x000000076bd80000,0x000000076bd80000,0x000000076fd00000)
  from space 10752K, 52% used [0x000000076fd00000,0x0000000770288758,0x0000000770780000)
  to   space 10752K, 0% used [0x0000000774700000,0x0000000774700000,0x0000000775180000)
 ParOldGen       total 173568K, used 40K [0x00000006c3800000, 0x00000006ce180000, 0x000000076bd80000)
  object space 173568K, 0% used [0x00000006c3800000,0x00000006c380a000,0x00000006ce180000)
 Metaspace       used 19670K, capacity 21272K, committed 21296K, reserved 1067008K
  class space    used 2585K, capacity 2858K, committed 2864K, reserved 1048576K
Event: 1.378 GC heap after
Heap after GC invocations=4 (full 1):
 PSYoungGen      total 75776K, used 0K [0x000000076bd80000, 0x0000000775180000, 0x00000007c0000000)
  eden space 65024K, 0% used [0x000000076bd80000,0x000000076bd80000,0x000000076fd00000)
  from space 10752K, 0% used [0x000000076fd00000,0x000000076fd00000,0x0000000770780000)
  to   space 10752K, 0% used [0x0000000774700000,0x0000000774700000,0x0000000775180000)
 ParOldGen       total 87040K, used 5399K [0x00000006c3800000, 0x00000006c8d00000, 0x000000076bd80000)
  object space 87040K, 6% used [0x00000006c3800000,0x00000006c3d45d68,0x00000006c8d00000)
 Metaspace       used 19667K, capacity 21268K, committed 21296K, reserved 1067008K
  class space    used 2584K, capacity 2856K, committed 2864K, reserved 1048576K
}
Event: 1.632 GC heap before
{Heap before GC invocations=5 (full 1):
 PSYoungGen      total 75776K, used 65024K [0x000000076bd80000, 0x0000000775180000, 0x00000007c0000000)
  eden space 65024K, 100% used [0x000000076bd80000,0x000000076fd00000,0x000000076fd00000)
  from space 10752K, 0% used [0x000000076fd00000,0x000000076fd00000,0x0000000770780000)
  to   space 10752K, 0% used [0x0000000774700000,0x0000000774700000,0x0000000775180000)
 ParOldGen       total 87040K, used 5399K [0x00000006c3800000, 0x00000006c8d00000, 0x000000076bd80000)
  object space 87040K, 6% used [0x00000006c3800000,0x00000006c3d45d68,0x00000006c8d00000)
 Metaspace       used 23862K, capacity 25672K, committed 25776K, reserved 1071104K
  class space    used 3176K, capacity 3502K, committed 3504K, reserved 1048576K
Event: 1.636 GC heap after
Heap after GC invocations=5 (full 1):
 PSYoungGen      total 118272K, used 6508K [0x000000076bd80000, 0x0000000774d80000, 0x00000007c0000000)
  eden space 111616K, 0% used [0x000000076bd80000,0x000000076bd80000,0x0000000772a80000)
  from space 6656K, 97% used [0x0000000774700000,0x0000000774d5b338,0x0000000774d80000)
  to   space 10752K, 0% used [0x0000000773880000,0x0000000773880000,0x0000000774300000)
 ParOldGen       total 87040K, used 5407K [0x00000006c3800000, 0x00000006c8d00000, 0x000000076bd80000)
  object space 87040K, 6% used [0x00000006c3800000,0x00000006c3d47d68,0x00000006c8d00000)
 Metaspace       used 23862K, capacity 25672K, committed 25776K, reserved 1071104K
  class space    used 3176K, capacity 3502K, committed 3504K, reserved 1048576K
}
Event: 2.354 GC heap before
{Heap before GC invocations=6 (full 1):
 PSYoungGen      total 118272K, used 118124K [0x000000076bd80000, 0x0000000774d80000, 0x00000007c0000000)
  eden space 111616K, 100% used [0x000000076bd80000,0x0000000772a80000,0x0000000772a80000)
  from space 6656K, 97% used [0x0000000774700000,0x0000000774d5b338,0x0000000774d80000)
  to   space 10752K, 0% used [0x0000000773880000,0x0000000773880000,0x0000000774300000)
 ParOldGen       total 87040K, used 5407K [0x00000006c3800000, 0x00000006c8d00000, 0x000000076bd80000)
  object space 87040K, 6% used [0x00000006c3800000,0x00000006c3d47d68,0x00000006c8d00000)
 Metaspace       used 29066K, capacity 31668K, committed 31792K, reserved 1077248K
  class space    used 3886K, capacity 4288K, committed 4400K, reserved 1048576K
Event: 2.362 GC heap after
Heap after GC invocations=6 (full 1):
 PSYoungGen      total 136704K, used 9259K [0x000000076bd80000, 0x0000000778980000, 0x00000007c0000000)
  eden space 125952K, 0% used [0x000000076bd80000,0x000000076bd80000,0x0000000773880000)
  from space 10752K, 86% used [0x0000000773880000,0x000000077418aff8,0x0000000774300000)
  to   space 11264K, 0% used [0x0000000777e80000,0x0000000777e80000,0x0000000778980000)
 ParOldGen       total 87040K, used 5415K [0x00000006c3800000, 0x00000006c8d00000, 0x000000076bd80000)
  object space 87040K, 6% used [0x00000006c3800000,0x00000006c3d49d68,0x00000006c8d00000)
 Metaspace       used 29066K, capacity 31668K, committed 31792K, reserved 1077248K
  class space    used 3886K, capacity 4288K, committed 4400K, reserved 1048576K
}

Deoptimization events (10 events):
Event: 1.773 Thread 0x0000000000ded800 Uncommon trap: reason=unreached action=reinterpret pc=0x0000000010d1deb8 method=org.springframework.core.annotation.MergedAnnotationsCollection.isMappingForType(Lorg/springframework/core/annotation/AnnotationTypeMapping;Ljava/lang/Object;)Z @ 13
Event: 2.062 Thread 0x0000000000ded800 Uncommon trap: reason=unreached action=reinterpret pc=0x0000000010e50034 method=org.springframework.beans.factory.support.AbstractBeanFactory.getBeanPostProcessorCache()Lorg/springframework/beans/factory/support/AbstractBeanFactory$BeanPostProcessorCache; Mﬂ∆¡–
Event: 2.102 Thread 0x0000000000ded800 Uncommon trap: reason=unreached action=reinterpret pc=0x0000000010e12170 method=org.springframework.beans.factory.support.AbstractBeanFactory.getBeanPostProcessorCache()Lorg/springframework/beans/factory/support/AbstractBeanFactory$BeanPostProcessorCache; y\jakart†p√f≥
Event: 2.109 Thread 0x0000000000ded800 Uncommon trap: reason=unreached action=reinterpret pc=0x0000000010e02a58 method=org.springframework.beans.factory.support.AbstractBeanFactory.getBeanPostProcessorCache()Lorg/springframework/beans/factory/support/AbstractBeanFactory$BeanPostProcessorCache; ùâÜ;@
Event: 2.154 Thread 0x0000000000ded800 Uncommon trap: reason=unreached action=reinterpret pc=0x0000000010f0a0bc method=java.lang.reflect.Method.equals(Ljava/lang/Object;)Z @ 1
Event: 2.194 Thread 0x0000000000ded800 Uncommon trap: reason=class_check action=maybe_recompile pc=0x0000000010a0d474 method=java.util.concurrent.ConcurrentHashMap.putVal(Ljava/lang/Object;Ljava/lang/Object;Z)Ljava/lang/Object; @ 192
Event: 2.299 Thread 0x0000000000ded800 Uncommon trap: reason=unreached action=reinterpret pc=0x0000000010f7ee58 method=java.lang.reflect.Method.equals(Ljava/lang/Object;)Z @ 49
Event: 2.299 Thread 0x0000000000ded800 Uncommon trap: reason=class_check action=maybe_recompile pc=0x0000000010a0d474 method=java.util.concurrent.ConcurrentHashMap.putVal(Ljava/lang/Object;Ljava/lang/Object;Z)Ljava/lang/Object; @ 192
Event: 2.312 Thread 0x0000000000ded800 Uncommon trap: reason=class_check action=maybe_recompile pc=0x0000000010a0d474 method=java.util.concurrent.ConcurrentHashMap.putVal(Ljava/lang/Object;Ljava/lang/Object;Z)Ljava/lang/Object; @ 192
Event: 2.314 Thread 0x0000000000ded800 Uncommon trap: reason=class_check action=maybe_recompile pc=0x0000000010a0d474 method=java.util.concurrent.ConcurrentHashMap.putVal(Ljava/lang/Object;Ljava/lang/Object;Z)Ljava/lang/Object; @ 192

Internal exceptions (10 events):
Event: 2.402 Thread 0x0000000000ded800 Exception <a 'java/security/PrivilegedActionException'> (0x000000076c57a4b8) thrown at [C:\workspace\8-2-build-windows-amd64-cygwin\jdk8u31\2394\hotspot\src\share\vm\prims\jvm.cpp, line 1312]
Event: 2.402 Thread 0x0000000000ded800 Exception <a 'java/lang/ClassNotFoundException': org/springframework/core/OrderedCustomizer> (0x000000076c57ad30) thrown at [C:\workspace\8-2-build-windows-amd64-cygwin\jdk8u31\2394\hotspot\src\share\vm\classfile\systemDictionary.cpp, line 202]
Event: 2.403 Thread 0x0000000000ded800 Exception <a 'java/security/PrivilegedActionException'> (0x000000076c58c5b8) thrown at [C:\workspace\8-2-build-windows-amd64-cygwin\jdk8u31\2394\hotspot\src\share\vm\prims\jvm.cpp, line 1312]
Event: 2.403 Thread 0x0000000000ded800 Exception <a 'java/security/PrivilegedActionException'> (0x000000076c595090) thrown at [C:\workspace\8-2-build-windows-amd64-cygwin\jdk8u31\2394\hotspot\src\share\vm\prims\jvm.cpp, line 1312]
Event: 2.403 Thread 0x0000000000ded800 Exception <a 'java/lang/ClassNotFoundException': java/lang/ObjectCustomizer> (0x000000076c5958e8) thrown at [C:\workspace\8-2-build-windows-amd64-cygwin\jdk8u31\2394\hotspot\src\share\vm\classfile\systemDictionary.cpp, line 202]
Event: 2.404 Thread 0x0000000000ded800 Exception <a 'java/security/PrivilegedActionException'> (0x000000076c59b1d0) thrown at [C:\workspace\8-2-build-windows-amd64-cygwin\jdk8u31\2394\hotspot\src\share\vm\prims\jvm.cpp, line 1312]
Event: 2.404 Thread 0x0000000000ded800 Exception <a 'java/security/PrivilegedActionException'> (0x000000076c5b2158) thrown at [C:\workspace\8-2-build-windows-amd64-cygwin\jdk8u31\2394\hotspot\src\share\vm\prims\jvm.cpp, line 1312]
Event: 2.404 Thread 0x0000000000ded800 Exception <a 'java/security/PrivilegedActionException'> (0x000000076c5b37c0) thrown at [C:\workspace\8-2-build-windows-amd64-cygwin\jdk8u31\2394\hotspot\src\share\vm\prims\jvm.cpp, line 1312]
Event: 2.404 Thread 0x0000000000ded800 Exception <a 'java/security/PrivilegedActionException'> (0x000000076c5ca748) thrown at [C:\workspace\8-2-build-windows-amd64-cygwin\jdk8u31\2394\hotspot\src\share\vm\prims\jvm.cpp, line 1312]
Event: 2.404 Thread 0x0000000000ded800 Exception <a 'java/lang/ClassNotFoundException': org/springframework/boot/autoconfigure/web/servlet/error/ErrorMvcAutoConfiguration$ErrorPageCustomizerCustomizer> (0x000000076c5cb048) thrown at [C:\workspace\8-2-build-windows-amd64-cygwin\jdk8u31\2394\hots·'†ﬂ7@

Events (10 events):
Event: 2.403 loading class java/lang/ObjectCustomizer
Event: 2.403 loading class java/lang/ObjectCustomizer done
Event: 2.403 loading class java/lang/ObjectCustomizer
Event: 2.403 loading class java/lang/ObjectCustomizer done
Event: 2.404 loading class org/springframework/boot/autoconfigure/web/servlet/error/ErrorMvcAutoConfiguration$ErrorPageCustomizerCustomizer
Event: 2.404 loading class org/springframework/boot/autoconfigure/web/servlet/error/ErrorMvcAutoConfiguration$ErrorPageCustomizerCustomizer done
Event: 2.404 loading class org/springframework/boot/autoconfigure/web/servlet/error/ErrorMvcAutoConfiguration$ErrorPageCustomizerCustomizer
Event: 2.404 loading class org/springframework/boot/autoconfigure/web/servlet/error/ErrorMvcAutoConfiguration$ErrorPageCustomizerCustomizer done
Event: 2.404 loading class org/springframework/boot/autoconfigure/web/servlet/error/ErrorMvcAutoConfiguration$ErrorPageCustomizerCustomizer
Event: 2.404 loading class org/springframework/boot/autoconfigure/web/servlet/error/ErrorMvcAutoConfiguration$ErrorPageCustomizerCustomizer done


Dynamic libraries:
0x00007ff7d4490000 - 0x00007ff7d44c4000 	D:\Tools\java\jdk1.8\bin\java.exe
0x00007ffbecde0000 - 0x00007ffbecfe9000 	C:\Windows\SYSTEM32\ntdll.dll
0x00007ffbeac70000 - 0x00007ffbead2d000 	C:\Windows\System32\KERNEL32.DLL
0x00007ffbea710000 - 0x00007ffbeaa89000 	C:\Windows\System32\KERNELBASE.dll
0x00007ffbeccf0000 - 0x00007ffbecd9e000 	C:\Windows\System32\ADVAPI32.dll
0x00007ffbeb410000 - 0x00007ffbeb4b3000 	C:\Windows\System32\msvcrt.dll
0x00007ffbebf90000 - 0x00007ffbec02e000 	C:\Windows\System32\sechost.dll
0x00007ffbeca70000 - 0x00007ffbecb90000 	C:\Windows\System32\RPCRT4.dll
0x00007ffbec470000 - 0x00007ffbec61c000 	C:\Windows\System32\USER32.dll
0x00007ffbeab50000 - 0x00007ffbeab76000 	C:\Windows\System32\win32u.dll
0x00007ffbec3f0000 - 0x00007ffbec419000 	C:\Windows\System32\GDI32.dll
0x00007ffbea2c0000 - 0x00007ffbea3d2000 	C:\Windows\System32\gdi32full.dll
0x00007ffbea500000 - 0x00007ffbea59d000 	C:\Windows\System32\msvcp_win.dll
0x00007ffbea3e0000 - 0x00007ffbea4f1000 	C:\Windows\System32\ucrtbase.dll
0x00007ffbcf040000 - 0x00007ffbcf2e5000 	C:\Windows\WinSxS\amd64_microsoft.windows.common-controls_6595b64144ccf1df_6.0.22000.120_none_9d947278b86cc467\COMCTL32.dll
0x00007ffbec420000 - 0x00007ffbec451000 	C:\Windows\System32\IMM32.DLL
0x0000000052240000 - 0x000000005224c000 	E:\Apps Files\360\360Safe\safemon\SafeWrapper.dll
0x00007ffbcf780000 - 0x00007ffbcf816000 	E:\Apps Files\360\360Safe\safemon\libzdtp64.dll
0x00007ffbeb7d0000 - 0x00007ffbebf88000 	C:\Windows\System32\SHELL32.dll
0x00007ffbec690000 - 0x00007ffbec6ed000 	C:\Windows\System32\SHLWAPI.dll
0x00007ffbe9c70000 - 0x00007ffbe9c7a000 	C:\Windows\SYSTEM32\VERSION.dll
0x0000000050c60000 - 0x0000000050d32000 	D:\Tools\java\jdk1.8\jre\bin\msvcr100.dll
0x0000000050400000 - 0x0000000050c5a000 	D:\Tools\java\jdk1.8\jre\bin\server\jvm.dll
0x00007ffbead30000 - 0x00007ffbead38000 	C:\Windows\System32\PSAPI.DLL
0x00007ffbe2c00000 - 0x00007ffbe2c33000 	C:\Windows\SYSTEM32\WINMM.dll
0x00007ffb8ddd0000 - 0x00007ffb8ddd9000 	C:\Windows\SYSTEM32\WSOCK32.dll
0x00007ffbeb5a0000 - 0x00007ffbeb60f000 	C:\Windows\System32\WS2_32.dll
0x00000000503f0000 - 0x00000000503ff000 	D:\Tools\java\jdk1.8\jre\bin\verify.dll
0x00000000503c0000 - 0x00000000503e8000 	D:\Tools\java\jdk1.8\jre\bin\java.dll
0x0000000050240000 - 0x0000000050263000 	D:\Tools\java\jdk1.8\jre\bin\instrument.dll
0x00000000503a0000 - 0x00000000503b6000 	D:\Tools\java\jdk1.8\jre\bin\zip.dll
0x00007ffbe83d0000 - 0x00007ffbe8c37000 	C:\Windows\SYSTEM32\windows.storage.dll
0x00007ffbec6f0000 - 0x00007ffbeca69000 	C:\Windows\System32\combase.dll
0x00007ffbe8260000 - 0x00007ffbe83c6000 	C:\Windows\SYSTEM32\wintypes.dll
0x00007ffbead40000 - 0x00007ffbeae2a000 	C:\Windows\System32\SHCORE.dll
0x00007ffbea1f0000 - 0x00007ffbea211000 	C:\Windows\SYSTEM32\profapi.dll
0x00007ffbe5990000 - 0x00007ffbe59aa000 	E:\Apps Files\JetBrains\IntelliJ IDEA 2021.1\bin\breakgen64.dll
0x0000000050380000 - 0x000000005039a000 	D:\Tools\java\jdk1.8\jre\bin\net.dll
0x00007ffbe9870000 - 0x00007ffbe98d7000 	C:\Windows\system32\mswsock.dll
0x0000000050360000 - 0x0000000050371000 	D:\Tools\java\jdk1.8\jre\bin\nio.dll
0x0000000050230000 - 0x000000005023d000 	D:\Tools\java\jdk1.8\jre\bin\management.dll
0x00007ffbc95e0000 - 0x00007ffbc95f7000 	C:\Windows\system32\napinsp.dll
0x00007ffbc8e40000 - 0x00007ffbc8e5b000 	C:\Windows\system32\pnrpnsp.dll
0x00007ffbe8fa0000 - 0x00007ffbe9088000 	C:\Windows\SYSTEM32\DNSAPI.dll
0x00007ffbe8f70000 - 0x00007ffbe8f9d000 	C:\Windows\SYSTEM32\IPHLPAPI.DLL
0x00007ffbec330000 - 0x00007ffbec339000 	C:\Windows\System32\NSI.dll
0x00007ffbc8e20000 - 0x00007ffbc8e32000 	C:\Windows\System32\winrnr.dll
0x00007ffbc83e0000 - 0x00007ffbc83f5000 	C:\Windows\system32\wshbth.dll
0x00007ffbc69e0000 - 0x00007ffbc69ff000 	C:\Windows\system32\nlansp_c.dll
0x00007ffbb7c10000 - 0x00007ffbb7d1d000 	C:\Windows\SysWOW64\ierd_tgp_lsp64.dll
0x00007ffbeb630000 - 0x00007ffbeb7ca000 	C:\Windows\System32\ole32.dll
0x00007ffbe2e00000 - 0x00007ffbe2e0a000 	C:\Windows\System32\rasadhlp.dll
0x00007ffbe24c0000 - 0x00007ffbe2541000 	C:\Windows\System32\fwpuclnt.dll
0x00007ffbe7f10000 - 0x00007ffbe8131000 	C:\Windows\SYSTEM32\dbghelp.dll
0x00007ffbeab80000 - 0x00007ffbeabff000 	C:\Windows\System32\bcryptPrimitives.dll

VM Arguments:
jvm_args: -ea -Didea.test.cyclic.buffer.size=1048576 -javaagent:E:\Apps Files\JetBrains\IntelliJ IDEA 2021.1\lib\idea_rt.jar=12328:E:\Apps Files\JetBrains\IntelliJ IDEA 2021.1\bin -Dfile.encoding=UTF-8 
java_command: com.intellij.rt.junit.JUnitStarter -ideVersion5 -junit5 com.qingan.reggie.ReggieTakeOutApplicationTests,contextLoads
java_class_path (initial): E:\Apps Files\JetBrains\IntelliJ IDEA 2021.1\lib\idea_rt.jar;C:\Users\Œ‚\.m2\repository\org\junit\platform\junit-platform-launcher\1.8.2\junit-platform-launcher-1.8.2.jar;C:\Users\Œ‚\.m2\repository\org\junit\platform\junit-platform-engine\1.8.2\junit-platform-engine-1.8.2.jar;C:\Users\Œ‚\.m2\repository\org\opentest4j\opentest4j\1.2.0\opentest4j-1.2.0.jar;C:\Users\Œ‚\.m2\repository\org\junit\platform\junit-platform-commons\1.8.2\junit-platform-commons-1.8.2.jar;C:\Users\Œ‚\.m2\repository\org\apiguardian\apiguardian-api\1.1.2\apiguardian-api-1.1.2.jar;E:\Apps Files\JetBrains\IntelliJ IDEA 2021.1\plugins\junit\lib\junit5-rt.jar;E:\Apps Files\JetBrains\IntelliJ IDEA 2021.1\plugins\junit\lib\junit-rt.jar;D:\Tools\java\jdk1.8\jre\lib\charsets.jar;D:\Tools\java\jdk1.8\jre\lib\deploy.jar;D:\Tools\java\jdk1.8\jre\lib\ext\access-bridge-64.jar;D:\Tools\java\jdk1.8\jre\lib\ext\cldrdata.jar;D:\Tools\java\jdk1.8\jre\lib\ext\dnsns.jar;D:\Tools\java\jdk1.8\jre\lib\ext\jaccess.jar;D:\Tools\java\jdk1.8\jre\lib\ext\jfxrt.jar;D:\Tools\java\jdk1.8\jre\lib\ext\localedata.jar;D:\Tools\java\jdk1.8\jre\lib\ext\nashorn.jar;D:\Tools\java\jdk1.8\jre\lib\ext\sunec.jar;D:\Tools\java\jdk1.8\jre\lib\ext\sunjce_provider.jar;D:\Tools\java\jdk1.8\jre\lib\ext\sunmscapi.jar;D:\Tools\java\jdk1.8\jre\lib\ext\sunpkcs11.jar;D:\Tools\java\jdk1.8\jre\lib\ext\zipfs.jar;D:\Tools\java\jdk1.8\jre\lib\javaws.jar;D:\Tools\java\jdk1.8\jre\lib\jce.jar;D:\Tools\java\jdk1.8\jre\lib\jfr.jar;D:\Tools\java\jdk1.8\jre\lib\jfxswt.jar;D:\Tools\java\jdk1.8\jre\lib\jsse.jar;D:\Tools\java\jdk1.8\jre\lib\management-agent.jar;D:\Tools\java\jdk1.8\jre\lib\plugin.jar;D:\Tools\java\jdk1.8\jre\lib\resources.jar;D:\Tools\java\jdk1.8\jre\lib\rt.jar;D:\IdeaFiles\PersonalProject\reggie_take_out\target\test-classes;D:\IdeaFiles\PersonalProject\reggie_take_out\target\classes;D:\Tools\Maven\maven-repository\org\springframework\boot\spring-boot-starter-test\2.7.3\spring-boot-starter-test-2.7.3.jar;D:\Tools\Maven
Launcher Type: SUN_STANDARD

Environment Variables:
JAVA_HOME=D:\Tools\java\jdk1.8
CLASSPATH=.;D:\Tools\java\jdk1.8\lib;D:\Tools\java\jdk1.8\lib\tools.jar
PATH=C:\Windows\system32\WBEM;E:\Apps Files\VMware\VMware Workstation\bin\;C:\Windows\system32;C:\Windows;C:\Windows\System32\Wbem;C:\Windows\System32\WindowsPowerShell\v1.0\;C:\Windows\System32\OpenSSH\;C:\Program Files (x86)\NVIDIA Corporation\PhysX\Common;C:\Program Files\NVIDIA Corporation\NVIDIA NvDLISR;C:\Program Files\dotnet\;D:\Tools\java\jdk1.8\bin;D:\MySQL\MySQL Server 8.0\bin;D:\Tools\Maven\apache-maven-3.6.3\bin;C:\Program Files\Bandizip\;E:\Apps Files\Bandizip\;D:\MySQL\MySQL Shell 8.0\bin\;C:\Users\Œ‚\AppData\Local\Microsoft\WindowsApps;:\Apps Files\JetBrains\IntelliJ IDEA 2021.1\bin;D:\Tools\Git\cmd;D:\Tools\python\python-3.8.10-embed-amd64;D:\Tools\python\python-3.8.10-embed-amd64\Scripts;D:\MySQL\MySQL Shell 8.0\bin\;C:\Users\Œ‚\AppData\Local\Microsoft\WindowsApps;C:\Apps Files\JetBrains\IntelliJ IDEA 2021.1\bin;E:\Apps Files\Microsoft VS Code\bin;E:\Apps Files\JetBrains\PyCharm 2022.1.3\bin;
USERNAME=Œ‚
OS=Windows_NT
PROCESSOR_IDENTIFIER=Intel64 Family 6 Model 165 Stepping 2, GenuineIntel



---------------  S Y S T E M  ---------------

OS: Windows 8.1 , 64 bit Build 9600 

CPU:total 16 (8 cores per cpu, 2 threads per core) family 6 model 165 stepping 2, cmov, cx8, fxsr, mmx, sse, sse2, sse3, ssse3, sse4.1, sse4.2, popcnt, avx, avx2, aes, clmul, erms, lzcnt, ht, tsc, tscinvbit, bmi1, bmi2

Memory: 4k page, physical 16546568k(6656152k free), swap 19531528k(4180k free)

vm_info: Java HotSpot(TM) 64-Bit Server VM (25.31-b07) for windows-amd64 JRE (1.8.0_31-b13), built on Dec 17 2014 21:00:28 by "java_re" with MS VC++ 10.0 (VS2010)

time: Sat Aug 20 16:09:44 2022
elapsed time: 2 seconds (0d 0h 0m 2s)

