#
# A fatal error has been detected by the Java Runtime Environment:
#
#  EXCEPTION_ACCESS_VIOLATION (0xc0000005) at pc=0x0000000000000000, pid=19752, tid=18264
#
# JRE version: Java(TM) SE Runtime Environment (8.0_31-b13) (build 1.8.0_31-b13)
# Java VM: Java HotSpot(TM) 64-Bit Server VM (25.31-b07 mixed mode windows-amd64 compressed oops)
# Problematic frame:
# C  0x0000000000000000
#
# Failed to write core dump. Minidumps are not enabled by default on client versions of Windows
#
# If you would like to submit a bug report, please visit:
#   http://bugreport.java.com/bugreport/crash.jsp
#

---------------  T H R E A D  ---------------

Current thread (0x00000000032d7000):  JavaThread "main" [_thread_in_Java, id=18264, stack(0x00000000030f0000,0x00000000031f0000)]

siginfo: ExceptionCode=0xc0000005, ExceptionInformation=0x0000000000000008 0x0000000000000000

Registers:
RAX=0x000000076ef8c570, RBX=0x000000001cd084f0, RCX=0x0000000003540200, RDX=0x000000076ef8c570
RSP=0x00000000031ebf20, RBP=0x0000000000000003, RSI=0x00000007c000d398, RDI=0x000000002bcd5d90
R8 =0x00000006c40534c8, R9 =0x00000006c39caba0, R10=0x000000076ef8c570, R11=0x0000000004401020
R12=0x0000000000000000, R13=0x00000000031ebf10, R14=0x0000000000000001, R15=0x00000000032d7000
RIP=0x0000000000000000, EFLAGS=0x0000000000010246

Top of Stack: (sp=0x00000000031ebf20)
0x00000000031ebf20:   00000000ffffffff 0000000020b4bc60
0x00000000031ebf30:   00000000031ebf60 0000000003fa87f4
0x00000000031ebf40:   0000000003fa87f4 000000076ef8c570
0x00000000031ebf50:   00000006c4035be0 0000000003fa87f4
0x00000000031ebf60:   0000000600000100 0000000072a926f0
0x00000000031ebf70:   00000000032d7000 00000000031ebfc0
0x00000000031ebf80:   000000002c4ad988 00000000032d7000
0x00000000031ebf90:   00000000031ebfc0 0000000003bffde4
0x00000000031ebfa0:   0000000003bffde4 0000000003bffde4
0x00000000031ebfb0:   000000077068b250 00000006c4035be0
0x00000000031ebfc0:   0000000000000000 0000000000000000
0x00000000031ebfd0:   0000000000000000 000000007268eec0
0x00000000031ebfe0:   000000002c4ad988 00000000032d7000
0x00000000031ebff0:   000000002c4ad988 00000000032d7000
0x00000000031ec000:   0000000000000000 00000000032f0a00
0x00000000031ec010:   00000000031ec040 00000000040fddcc 

Instructions: (pc=0x0000000000000000)
0xffffffffffffffe0:   


Register to memory mapping:

RAX=0x000000076ef8c570 is an oop
org.springframework.boot.context.properties.source.ConfigurationPropertyName$$Lambda$459/2094115865 
 - klass: 'org/springframework/boot/context/properties/source/ConfigurationPropertyName$$Lambda$459'
RBX={method} {0x000000001cd084f8} 'identity' '(Ljava/lang/Object;)Ljava/lang/Object;' in 'sun/invoke/util/ValueConversions'
RCX=0x0000000003540200 is at begin+12 in a stub
MethodHandle::interpreter_entry::_linkToStatic [0x00000000035401f4, 0x0000000003540218[ (36 bytes)
RDX=0x000000076ef8c570 is an oop
org.springframework.boot.context.properties.source.ConfigurationPropertyName$$Lambda$459/2094115865 
 - klass: 'org/springframework/boot/context/properties/source/ConfigurationPropertyName$$Lambda$459'
RSP=0x00000000031ebf20 is pointing into the stack for thread: 0x00000000032d7000
RBP=0x0000000000000003 is an unknown value
RSI=0x00000007c000d398 is pointing into metadata
RDI=0x000000002bcd5d90 is pointing into metadata
R8 =0x00000006c40534c8 is an oop
java.lang.invoke.MemberName 
 - klass: 'java/lang/invoke/MemberName'
R9 =0x00000006c39caba0 is an oop
java.lang.invoke.MemberName 
 - klass: 'java/lang/invoke/MemberName'
R10=0x000000076ef8c570 is an oop
org.springframework.boot.context.properties.source.ConfigurationPropertyName$$Lambda$459/2094115865 
 - klass: 'org/springframework/boot/context/properties/source/ConfigurationPropertyName$$Lambda$459'
R11=0x0000000004401020 is at entry_point+0 in (nmethod*)0x0000000004400ed0
R12=0x0000000000000000 is an unknown value
R13=0x00000000031ebf10 is pointing into the stack for thread: 0x00000000032d7000
R14=0x0000000000000001 is an unknown value
R15=0x00000000032d7000 is a thread


Stack: [0x00000000030f0000,0x00000000031f0000],  sp=0x00000000031ebf20,  free space=1007k
Native frames: (J=compiled Java code, j=interpreted, Vv=VM code, C=native code)


---------------  P R O C E S S  ---------------

Java Threads: ( => current thread )
  0x0000000026a20000 JavaThread "rebel-messaging-executor-80" daemon [_thread_blocked, id=2192, stack(0x000000002c000000,0x000000002c100000)]
  0x0000000026a1c000 JavaThread "rebel-IDENotificationsImpl-PostCycle" daemon [_thread_blocked, id=1060, stack(0x000000002ba50000,0x000000002bb50000)]
  0x0000000022e94800 JavaThread "Thread-3" daemon [_thread_blocked, id=16952, stack(0x000000002b550000,0x000000002b650000)]
  0x0000000022e92800 JavaThread "Monitor Ctrl-Break" daemon [_thread_in_native, id=1708, stack(0x000000002b450000,0x000000002b550000)]
  0x0000000022e85800 JavaThread "rebel-build-info" daemon [_thread_in_native, id=23168, stack(0x000000002b250000,0x000000002b350000)]
  0x0000000022e94000 JavaThread "rebel-change-detector-thread" daemon [_thread_blocked, id=1508, stack(0x000000002ae50000,0x000000002af50000)]
  0x0000000022e91800 JavaThread "rebel-debugger-thread" daemon [_thread_blocked, id=5552, stack(0x000000002ad50000,0x000000002ae50000)]
  0x0000000022e8a000 JavaThread "rebel-debugger-attach-notifier" daemon [_thread_blocked, id=21324, stack(0x00000000276a0000,0x00000000277a0000)]
  0x0000000022e8b800 JavaThread "rebel-heartbeat-thread" daemon [_thread_blocked, id=2728, stack(0x00000000226b0000,0x00000000227b0000)]
  0x0000000022e90800 JavaThread "rebel-redeploy-thread" daemon [_thread_blocked, id=1884, stack(0x00000000225b0000,0x00000000226b0000)]
  0x0000000022e88800 JavaThread "rebel-leaseManager-1" daemon [_thread_blocked, id=19244, stack(0x00000000223b0000,0x00000000224b0000)]
  0x0000000022e8f000 JavaThread "rebel-weak-reaper" daemon [_thread_blocked, id=9408, stack(0x00000000220b0000,0x00000000221b0000)]
  0x0000000022e86000 JavaThread "rebel-cache-writer" daemon [_thread_blocked, id=2576, stack(0x0000000021fb0000,0x00000000220b0000)]
  0x0000000022e8c000 JavaThread "rebel-fsnotify-OutputReader" daemon [_thread_in_native, id=22956, stack(0x00000000275a0000,0x00000000276a0000)]
  0x0000000022e87800 JavaThread "rebel-fsnotify-OutputReader" daemon [_thread_in_native, id=20244, stack(0x00000000274a0000,0x00000000275a0000)]
  0x0000000022e8d000 JavaThread "rebel-fsnotify-ShutdownOnTermination" daemon [_thread_blocked, id=14744, stack(0x00000000273a0000,0x00000000274a0000)]
  0x0000000022e87000 JavaThread "rebel-CacheKeepAlive" daemon [_thread_blocked, id=17856, stack(0x0000000023c80000,0x0000000023d80000)]
  0x0000000022e89000 JavaThread "rebel-logger" daemon [_thread_blocked, id=11364, stack(0x0000000023b80000,0x0000000023c80000)]
  0x0000000020c8a000 JavaThread "Service Thread" daemon [_thread_blocked, id=18536, stack(0x0000000021cb0000,0x0000000021db0000)]
  0x0000000020c59800 JavaThread "C1 CompilerThread11" daemon [_thread_blocked, id=22432, stack(0x0000000021bb0000,0x0000000021cb0000)]
  0x0000000020c58800 JavaThread "C1 CompilerThread10" daemon [_thread_blocked, id=16520, stack(0x0000000021ab0000,0x0000000021bb0000)]
  0x0000000020c50000 JavaThread "C1 CompilerThread9" daemon [_thread_blocked, id=23824, stack(0x00000000219b0000,0x0000000021ab0000)]
  0x0000000020c4f000 JavaThread "C1 CompilerThread8" daemon [_thread_blocked, id=16448, stack(0x00000000218b0000,0x00000000219b0000)]
  0x0000000020c4c800 JavaThread "C2 CompilerThread7" daemon [_thread_blocked, id=2864, stack(0x00000000217b0000,0x00000000218b0000)]
  0x0000000020c41800 JavaThread "C2 CompilerThread6" daemon [_thread_blocked, id=9876, stack(0x00000000216b0000,0x00000000217b0000)]
  0x0000000020c3f000 JavaThread "C2 CompilerThread5" daemon [_thread_blocked, id=22092, stack(0x00000000215b0000,0x00000000216b0000)]
  0x0000000020c3e000 JavaThread "C2 CompilerThread4" daemon [_thread_in_native, id=17116, stack(0x00000000214b0000,0x00000000215b0000)]
  0x0000000020c3d800 JavaThread "C2 CompilerThread3" daemon [_thread_blocked, id=21764, stack(0x00000000213b0000,0x00000000214b0000)]
  0x0000000020c3a800 JavaThread "C2 CompilerThread2" daemon [_thread_blocked, id=5392, stack(0x00000000212b0000,0x00000000213b0000)]
  0x0000000020c3a000 JavaThread "C2 CompilerThread1" daemon [_thread_blocked, id=22472, stack(0x00000000211b0000,0x00000000212b0000)]
  0x0000000020c39000 JavaThread "C2 CompilerThread0" daemon [_thread_blocked, id=12344, stack(0x00000000210b0000,0x00000000211b0000)]
  0x000000001ed01000 JavaThread "Attach Listener" daemon [_thread_blocked, id=15720, stack(0x00000000207b0000,0x00000000208b0000)]
  0x000000001ecfe800 JavaThread "Signal Dispatcher" daemon [_thread_blocked, id=15532, stack(0x00000000206b0000,0x00000000207b0000)]
  0x000000001d2f4000 JavaThread "Finalizer" daemon [_thread_blocked, id=21148, stack(0x00000000205b0000,0x00000000206b0000)]
  0x000000001d2f0800 JavaThread "Reference Handler" daemon [_thread_blocked, id=14176, stack(0x00000000204b0000,0x00000000205b0000)]
=>0x00000000032d7000 JavaThread "main" [_thread_in_Java, id=18264, stack(0x00000000030f0000,0x00000000031f0000)]

Other Threads:
  0x000000001ec44000 VMThread [stack: 0x00000000203b0000,0x00000000204b0000] [id=23880]
  0x0000000020d02000 WatcherThread [stack: 0x0000000021eb0000,0x0000000021fb0000] [id=16980]

VM state:not at safepoint (normal execution)

VM Mutex/Monitor currently owned by a thread: None

Heap:
 PSYoungGen      total 264192K, used 78964K [0x000000076bd80000, 0x000000077d100000, 0x00000007c0000000)
  eden space 249856K, 31% used [0x000000076bd80000,0x0000000770a9d110,0x000000077b180000)
  from space 14336K, 0% used [0x000000077c000000,0x000000077c000000,0x000000077ce00000)
  to   space 14848K, 0% used [0x000000077b180000,0x000000077b180000,0x000000077c000000)
 ParOldGen       total 97280K, used 15523K [0x00000006c3800000, 0x00000006c9700000, 0x000000076bd80000)
  object space 97280K, 15% used [0x00000006c3800000,0x00000006c4728ee0,0x00000006c9700000)
 Metaspace       used 38168K, capacity 40650K, committed 40792K, reserved 1085440K
  class space    used 4967K, capacity 5422K, committed 5504K, reserved 1048576K

Card table byte_map: [0x0000000012890000,0x0000000013080000] byte_map_base: 0x000000000f274000

Marking Bits: (ParMarkBitMap*) 0x0000000072c8d4f0
 Begin Bits: [0x00000000142d0000, 0x00000000181f0000)
 End Bits:   [0x00000000181f0000, 0x000000001c110000)

Polling page: 0x00000000013a0000

CodeCache: size=245760Kb used=16881Kb max_used=16881Kb free=228878Kb
 bounds [0x00000000034d0000, 0x0000000004560000, 0x00000000124d0000]
 total_blobs=5089 nmethods=4636 adapters=362
 compilation: enabled

Compilation events (10 events):
Event: 4.446 Thread 0x0000000020c59800 nmethod 5185 0x0000000004549990 code [0x0000000004549b20, 0x0000000004549fc8]
Event: 4.446 Thread 0x0000000020c50000 nmethod 5187 0x0000000004549650 code [0x00000000045497a0, 0x00000000045498f0]
Event: 4.446 Thread 0x0000000020c59800 5188       3       org.springframework.boot.context.properties.source.SpringIterableConfigurationPropertySource$$Lambda$410/1251967187::apply (17 bytes)
Event: 4.446 Thread 0x0000000020c4f000 5194       3       org.springframework.boot.context.properties.source.SpringIterableConfigurationPropertySource$Mappings::updateMappings (274 bytes)
Event: 4.446 Thread 0x0000000020c58800 5189       3       org.springframework.boot.context.properties.source.SpringIterableConfigurationPropertySource::updateMappings (24 bytes)
Event: 4.446 Thread 0x0000000020c50000 5190       3       org.springframework.boot.context.properties.source.SpringIterableConfigurationPropertySource$$Lambda$411/1523084197::get$Lambda (9 bytes)
Event: 4.446 Thread 0x0000000020c3d800 nmethod 5182 0x0000000004547e10 code [0x0000000004547f60, 0x0000000004548008]
Event: 4.446 Thread 0x0000000020c50000 nmethod 5190 0x00000000045490d0 code [0x0000000004549240, 0x00000000045494f0]
Event: 4.446 Thread 0x0000000020c50000 5191       3       org.springframework.boot.context.properties.source.SpringIterableConfigurationPropertySource$$Lambda$411/1523084197::<init> (10 bytes)
Event: 4.447 Thread 0x0000000020c50000 nmethod 5191 0x0000000004547990 code [0x0000000004547b00, 0x0000000004547d30]

GC Heap History (10 events):
Event: 2.456 GC heap before
{Heap before GC invocations=4 (full 0):
 PSYoungGen      total 75776K, used 39690K [0x000000076bd80000, 0x0000000775180000, 0x00000007c0000000)
  eden space 65024K, 44% used [0x000000076bd80000,0x000000076d9c6b70,0x000000076fd00000)
  from space 10752K, 99% used [0x000000076fd00000,0x000000077077c070,0x0000000770780000)
  to   space 10752K, 0% used [0x0000000774700000,0x0000000774700000,0x0000000775180000)
 ParOldGen       total 173568K, used 1542K [0x00000006c3800000, 0x00000006ce180000, 0x000000076bd80000)
  object space 173568K, 0% used [0x00000006c3800000,0x00000006c3981bd8,0x00000006ce180000)
 Metaspace       used 20053K, capacity 21108K, committed 21248K, reserved 1067008K
  class space    used 2488K, capacity 2799K, committed 2816K, reserved 1048576K
Event: 2.464 GC heap after
Heap after GC invocations=4 (full 0):
 PSYoungGen      total 140800K, used 10728K [0x000000076bd80000, 0x0000000775180000, 0x00000007c0000000)
  eden space 130048K, 0% used [0x000000076bd80000,0x000000076bd80000,0x0000000773c80000)
  from space 10752K, 99% used [0x0000000774700000,0x000000077517a2c0,0x0000000775180000)
  to   space 10752K, 0% used [0x0000000773c80000,0x0000000773c80000,0x0000000774700000)
 ParOldGen       total 173568K, used 4069K [0x00000006c3800000, 0x00000006ce180000, 0x000000076bd80000)
  object space 173568K, 2% used [0x00000006c3800000,0x00000006c3bf9560,0x00000006ce180000)
 Metaspace       used 20053K, capacity 21108K, committed 21248K, reserved 1067008K
  class space    used 2488K, capacity 2799K, committed 2816K, reserved 1048576K
}
Event: 2.464 GC heap before
{Heap before GC invocations=5 (full 1):
 PSYoungGen      total 140800K, used 10728K [0x000000076bd80000, 0x0000000775180000, 0x00000007c0000000)
  eden space 130048K, 0% used [0x000000076bd80000,0x000000076bd80000,0x0000000773c80000)
  from space 10752K, 99% used [0x0000000774700000,0x000000077517a2c0,0x0000000775180000)
  to   space 10752K, 0% used [0x0000000773c80000,0x0000000773c80000,0x0000000774700000)
 ParOldGen       total 173568K, used 4069K [0x00000006c3800000, 0x00000006ce180000, 0x000000076bd80000)
  object space 173568K, 2% used [0x00000006c3800000,0x00000006c3bf9560,0x00000006ce180000)
 Metaspace       used 20053K, capacity 21108K, committed 21248K, reserved 1067008K
  class space    used 2488K, capacity 2799K, committed 2816K, reserved 1048576K
Event: 2.502 GC heap after
Heap after GC invocations=5 (full 1):
 PSYoungGen      total 140800K, used 0K [0x000000076bd80000, 0x0000000775180000, 0x00000007c0000000)
  eden space 130048K, 0% used [0x000000076bd80000,0x000000076bd80000,0x0000000773c80000)
  from space 10752K, 0% used [0x0000000774700000,0x0000000774700000,0x0000000775180000)
  to   space 10752K, 0% used [0x0000000773c80000,0x0000000773c80000,0x0000000774700000)
 ParOldGen       total 85504K, used 13103K [0x00000006c3800000, 0x00000006c8b80000, 0x000000076bd80000)
  object space 85504K, 15% used [0x00000006c3800000,0x00000006c44cbcb8,0x00000006c8b80000)
 Metaspace       used 20052K, capacity 21106K, committed 21248K, reserved 1067008K
  class space    used 2488K, capacity 2798K, committed 2816K, reserved 1048576K
}
Event: 3.794 GC heap before
{Heap before GC invocations=6 (full 1):
 PSYoungGen      total 140800K, used 130048K [0x000000076bd80000, 0x0000000775180000, 0x00000007c0000000)
  eden space 130048K, 100% used [0x000000076bd80000,0x0000000773c80000,0x0000000773c80000)
  from space 10752K, 0% used [0x0000000774700000,0x0000000774700000,0x0000000775180000)
  to   space 10752K, 0% used [0x0000000773c80000,0x0000000773c80000,0x0000000774700000)
 ParOldGen       total 85504K, used 13103K [0x00000006c3800000, 0x00000006c8b80000, 0x000000076bd80000)
  object space 85504K, 15% used [0x00000006c3800000,0x00000006c44cbcb8,0x00000006c8b80000)
 Metaspace       used 33205K, capacity 35330K, committed 35416K, reserved 1079296K
  class space    used 4257K, capacity 4670K, committed 4736K, reserved 1048576K
Event: 3.807 GC heap after
Heap after GC invocations=6 (full 1):
 PSYoungGen      total 140800K, used 9266K [0x000000076bd80000, 0x000000077ce00000, 0x00000007c0000000)
  eden space 130048K, 0% used [0x000000076bd80000,0x000000076bd80000,0x0000000773c80000)
  from space 10752K, 86% used [0x0000000773c80000,0x000000077458cbf8,0x0000000774700000)
  to   space 14336K, 0% used [0x000000077c000000,0x000000077c000000,0x000000077ce00000)
 ParOldGen       total 85504K, used 13111K [0x00000006c3800000, 0x00000006c8b80000, 0x000000076bd80000)
  object space 85504K, 15% used [0x00000006c3800000,0x00000006c44cdcb8,0x00000006c8b80000)
 Metaspace       used 33205K, capacity 35330K, committed 35416K, reserved 1079296K
  class space    used 4257K, capacity 4670K, committed 4736K, reserved 1048576K
}
Event: 3.814 GC heap before
{Heap before GC invocations=7 (full 1):
 PSYoungGen      total 140800K, used 12519K [0x000000076bd80000, 0x000000077ce00000, 0x00000007c0000000)
  eden space 130048K, 2% used [0x000000076bd80000,0x000000076c0ad3b0,0x0000000773c80000)
  from space 10752K, 86% used [0x0000000773c80000,0x000000077458cbf8,0x0000000774700000)
  to   space 14336K, 0% used [0x000000077c000000,0x000000077c000000,0x000000077ce00000)
 ParOldGen       total 85504K, used 13111K [0x00000006c3800000, 0x00000006c8b80000, 0x000000076bd80000)
  object space 85504K, 15% used [0x00000006c3800000,0x00000006c44cdcb8,0x00000006c8b80000)
 Metaspace       used 33270K, capacity 35330K, committed 35416K, reserved 1079296K
  class space    used 4266K, capacity 4670K, committed 4736K, reserved 1048576K
Event: 3.819 GC heap after
Heap after GC invocations=7 (full 1):
 PSYoungGen      total 264192K, used 4522K [0x000000076bd80000, 0x000000077d100000, 0x00000007c0000000)
  eden space 249856K, 0% used [0x000000076bd80000,0x000000076bd80000,0x000000077b180000)
  from space 14336K, 31% used [0x000000077c000000,0x000000077c46abc0,0x000000077ce00000)
  to   space 14848K, 0% used [0x000000077b180000,0x000000077b180000,0x000000077c000000)
 ParOldGen       total 85504K, used 13119K [0x00000006c3800000, 0x00000006c8b80000, 0x000000076bd80000)
  object space 85504K, 15% used [0x00000006c3800000,0x00000006c44cfcb8,0x00000006c8b80000)
 Metaspace       used 33270K, capacity 35330K, committed 35416K, reserved 1079296K
  class space    used 4266K, capacity 4670K, committed 4736K, reserved 1048576K
}
Event: 3.819 GC heap before
{Heap before GC invocations=8 (full 2):
 PSYoungGen      total 264192K, used 4522K [0x000000076bd80000, 0x000000077d100000, 0x00000007c0000000)
  eden space 249856K, 0% used [0x000000076bd80000,0x000000076bd80000,0x000000077b180000)
  from space 14336K, 31% used [0x000000077c000000,0x000000077c46abc0,0x000000077ce00000)
  to   space 14848K, 0% used [0x000000077b180000,0x000000077b180000,0x000000077c000000)
 ParOldGen       total 85504K, used 13119K [0x00000006c3800000, 0x00000006c8b80000, 0x000000076bd80000)
  object space 85504K, 15% used [0x00000006c3800000,0x00000006c44cfcb8,0x00000006c8b80000)
 Metaspace       used 33270K, capacity 35330K, committed 35416K, reserved 1079296K
  class space    used 4266K, capacity 4670K, committed 4736K, reserved 1048576K
Event: 3.897 GC heap after
Heap after GC invocations=8 (full 2):
 PSYoungGen      total 264192K, used 0K [0x000000076bd80000, 0x000000077d100000, 0x00000007c0000000)
  eden space 249856K, 0% used [0x000000076bd80000,0x000000076bd80000,0x000000077b180000)
  from space 14336K, 0% used [0x000000077c000000,0x000000077c000000,0x000000077ce00000)
  to   space 14848K, 0% used [0x000000077b180000,0x000000077b180000,0x000000077c000000)
 ParOldGen       total 97280K, used 15523K [0x00000006c3800000, 0x00000006c9700000, 0x000000076bd80000)
  object space 97280K, 15% used [0x00000006c3800000,0x00000006c4728ee0,0x00000006c9700000)
 Metaspace       used 33266K, capacity 35322K, committed 35416K, reserved 1079296K
  class space    used 4265K, capacity 4668K, committed 4736K, reserved 1048576K
}

Deoptimization events (10 events):
Event: 3.762 Thread 0x00000000032d7000 Uncommon trap: reason=bimorphic action=maybe_recompile pc=0x0000000003f6ef40 method=java.util.LinkedHashMap.afterNodeInsertion(Z)V @ 19
Event: 3.776 Thread 0x00000000032d7000 Uncommon trap: reason=unloaded action=reinterpret pc=0x0000000004265540 method=java.util.regex.Pattern.newSingle(I)Ljava/util/regex/Pattern$CharProperty; @ 63
Event: 3.920 Thread 0x00000000032d7000 Uncommon trap: reason=range_check action=make_not_entrant pc=0x0000000004087028 method=sun.reflect.generics.parser.SignatureParser.current()C @ 34
Event: 4.016 Thread 0x00000000032d7000 Uncommon trap: reason=unreached action=reinterpret pc=0x0000000003b0c6d8 method=java.lang.ref.SoftReference.get()Ljava/lang/Object; @ 10
Event: 4.272 Thread 0x00000000032d7000 Uncommon trap: reason=bimorphic action=maybe_recompile pc=0x0000000003911ea0 method=java.util.regex.Pattern$CharProperty.match(Ljava/util/regex/Matcher;ILjava/lang/CharSequence;)Z @ 41
Event: 4.272 Thread 0x00000000032d7000 Uncommon trap: reason=bimorphic action=maybe_recompile pc=0x0000000003911ea0 method=java.util.regex.Pattern$CharProperty.match(Ljava/util/regex/Matcher;ILjava/lang/CharSequence;)Z @ 41
Event: 4.272 Thread 0x00000000032d7000 Uncommon trap: reason=bimorphic action=maybe_recompile pc=0x0000000003911ea0 method=java.util.regex.Pattern$CharProperty.match(Ljava/util/regex/Matcher;ILjava/lang/CharSequence;)Z @ 41
Event: 4.273 Thread 0x00000000032d7000 Uncommon trap: reason=unreached action=reinterpret pc=0x000000000446ff78 method=java.net.URLStreamHandler.parseURL(Ljava/net/URL;Ljava/lang/String;II)V @ 710
Event: 4.281 Thread 0x00000000032d7000 Uncommon trap: reason=bimorphic action=maybe_recompile pc=0x0000000003911ea0 method=java.util.regex.Pattern$CharProperty.match(Ljava/util/regex/Matcher;ILjava/lang/CharSequence;)Z @ 41
Event: 4.428 Thread 0x00000000032d7000 Uncommon trap: reason=class_check action=maybe_recompile pc=0x0000000003e8b8e4 method=java.util.HashSet.contains(Ljava/lang/Object;)Z @ 9

Internal exceptions (10 events):
Event: 4.426 Thread 0x00000000032d7000 Exception <a 'java/security/PrivilegedActionException'> (0x00000007704e5a80) thrown at [C:\workspace\8-2-build-windows-amd64-cygwin\jdk8u31\2394\hotspot\src\share\vm\prims\jvm.cpp, line 1312]
Event: 4.439 Thread 0x00000000032d7000 Exception <a 'java/security/PrivilegedActionException'> (0x00000007705e8b08) thrown at [C:\workspace\8-2-build-windows-amd64-cygwin\jdk8u31\2394\hotspot\src\share\vm\prims\jvm.cpp, line 1312]
Event: 4.439 Thread 0x00000000032d7000 Exception <a 'java/security/PrivilegedActionException'> (0x00000007705f4098) thrown at [C:\workspace\8-2-build-windows-amd64-cygwin\jdk8u31\2394\hotspot\src\share\vm\prims\jvm.cpp, line 1312]
Event: 4.439 Thread 0x00000000032d7000 Exception <a 'java/security/PrivilegedActionException'> (0x00000007705f5310) thrown at [C:\workspace\8-2-build-windows-amd64-cygwin\jdk8u31\2394\hotspot\src\share\vm\prims\jvm.cpp, line 1312]
Event: 4.439 Thread 0x00000000032d7000 Exception <a 'java/security/PrivilegedActionException'> (0x0000000770600880) thrown at [C:\workspace\8-2-build-windows-amd64-cygwin\jdk8u31\2394\hotspot\src\share\vm\prims\jvm.cpp, line 1312]
Event: 4.440 Thread 0x00000000032d7000 Exception <a 'java/security/PrivilegedActionException'> (0x000000077060c1a8) thrown at [C:\workspace\8-2-build-windows-amd64-cygwin\jdk8u31\2394\hotspot\src\share\vm\prims\jvm.cpp, line 1312]
Event: 4.440 Thread 0x00000000032d7000 Exception <a 'java/security/PrivilegedActionException'> (0x00000007706209b0) thrown at [C:\workspace\8-2-build-windows-amd64-cygwin\jdk8u31\2394\hotspot\src\share\vm\prims\jvm.cpp, line 1312]
Event: 4.441 Thread 0x00000000032d7000 Exception <a 'java/security/PrivilegedActionException'> (0x00000007706395a8) thrown at [C:\workspace\8-2-build-windows-amd64-cygwin\jdk8u31\2394\hotspot\src\share\vm\prims\jvm.cpp, line 1312]
Event: 4.442 Thread 0x00000000032d7000 Exception <a 'java/security/PrivilegedActionException'> (0x0000000770642fe8) thrown at [C:\workspace\8-2-build-windows-amd64-cygwin\jdk8u31\2394\hotspot\src\share\vm\prims\jvm.cpp, line 1312]
Event: 4.443 Thread 0x00000000032d7000 Exception <a 'java/security/PrivilegedActionException'> (0x0000000770657dd0) thrown at [C:\workspace\8-2-build-windows-amd64-cygwin\jdk8u31\2394\hotspot\src\share\vm\prims\jvm.cpp, line 1312]

Events (10 events):
Event: 4.441 loading class org/springframework/boot/ansi/AnsiOutput$Enabled
Event: 4.441 loading class org/springframework/boot/ansi/AnsiOutput$Enabled done
Event: 4.441 loading class org/springframework/boot/ansi/AnsiColor
Event: 4.441 loading class org/springframework/boot/ansi/AnsiColor done
Event: 4.442 loading class org/springframework/boot/ansi/AnsiElement
Event: 4.442 loading class org/springframework/boot/ansi/AnsiElement done
Event: 4.443 loading class org/springframework/boot/system/ApplicationPid
Event: 4.443 loading class org/springframework/boot/system/ApplicationPid done
Event: 4.444 loading class java/nio/file/attribute/PosixFilePermission
Event: 4.444 loading class java/nio/file/attribute/PosixFilePermission done


Dynamic libraries:
0x00007ff60fd80000 - 0x00007ff60fdb4000 	D:\Tools\java\jdk1.8\bin\java.exe
0x00007ff8b6640000 - 0x00007ff8b6849000 	C:\Windows\SYSTEM32\ntdll.dll
0x00007ff8b5820000 - 0x00007ff8b58dd000 	C:\Windows\System32\KERNEL32.DLL
0x00007ff8b4120000 - 0x00007ff8b449d000 	C:\Windows\System32\KERNELBASE.dll
0x00007ff8b4f30000 - 0x00007ff8b4fde000 	C:\Windows\System32\ADVAPI32.dll
0x00007ff8b6300000 - 0x00007ff8b63a3000 	C:\Windows\System32\msvcrt.dll
0x00007ff8b6560000 - 0x00007ff8b65fe000 	C:\Windows\System32\sechost.dll
0x00007ff8b4cf0000 - 0x00007ff8b4e10000 	C:\Windows\System32\RPCRT4.dll
0x00007ff8b63b0000 - 0x00007ff8b655d000 	C:\Windows\System32\USER32.dll
0x00007ff8b44a0000 - 0x00007ff8b44c6000 	C:\Windows\System32\win32u.dll
0x00007ff8b4b30000 - 0x00007ff8b4b59000 	C:\Windows\System32\GDI32.dll
0x00007ff8b3e70000 - 0x00007ff8b3f88000 	C:\Windows\System32\gdi32full.dll
0x00007ff8b3b20000 - 0x00007ff8b3bbd000 	C:\Windows\System32\msvcp_win.dll
0x00007ff8b4000000 - 0x00007ff8b4111000 	C:\Windows\System32\ucrtbase.dll
0x00007ff899f60000 - 0x00007ff89a205000 	C:\Windows\WinSxS\amd64_microsoft.windows.common-controls_6595b64144ccf1df_6.0.22000.120_none_9d947278b86cc467\COMCTL32.dll
0x00007ff8b6240000 - 0x00007ff8b6271000 	C:\Windows\System32\IMM32.DLL
0x00000000742f0000 - 0x00000000742fc000 	E:\Apps Files\360\360Safe\safemon\SafeWrapper.dll
0x00007ff89c280000 - 0x00007ff89c316000 	E:\Apps Files\360\360Safe\safemon\libzdtp64.dll
0x00007ff8b4fe0000 - 0x00007ff8b5798000 	C:\Windows\System32\SHELL32.dll
0x00007ff8b4c90000 - 0x00007ff8b4ced000 	C:\Windows\System32\SHLWAPI.dll
0x00007ff8b34d0000 - 0x00007ff8b34da000 	C:\Windows\SYSTEM32\VERSION.dll
0x0000000072d10000 - 0x0000000072de2000 	D:\Tools\java\jdk1.8\jre\bin\msvcr100.dll
0x00000000724b0000 - 0x0000000072d0a000 	D:\Tools\java\jdk1.8\jre\bin\server\jvm.dll
0x00007ff8b4f20000 - 0x00007ff8b4f28000 	C:\Windows\System32\PSAPI.DLL
0x00007ff8ad630000 - 0x00007ff8ad663000 	C:\Windows\SYSTEM32\WINMM.dll
0x00007ff850d30000 - 0x00007ff850d39000 	C:\Windows\SYSTEM32\WSOCK32.dll
0x00007ff8b57b0000 - 0x00007ff8b581f000 	C:\Windows\System32\WS2_32.dll
0x00000000724a0000 - 0x00000000724af000 	D:\Tools\java\jdk1.8\jre\bin\verify.dll
0x0000000072470000 - 0x0000000072498000 	D:\Tools\java\jdk1.8\jre\bin\java.dll
0x00007ff89d080000 - 0x00007ff89d0cd000 	D:\Tools\java\ideaconf\JRebel\.jrebel\nightly_cache\202208220009\jrebel\lib\jrebel64.dll
0x00007ff8b3310000 - 0x00007ff8b331c000 	C:\Windows\SYSTEM32\CRYPTBASE.DLL
0x00007ff8b4960000 - 0x00007ff8b4a4a000 	C:\Windows\System32\shcore.dll
0x00000000723e0000 - 0x0000000072403000 	D:\Tools\java\jdk1.8\jre\bin\instrument.dll
0x0000000072450000 - 0x0000000072466000 	D:\Tools\java\jdk1.8\jre\bin\zip.dll
0x00007ff8b1c30000 - 0x00007ff8b2498000 	C:\Windows\SYSTEM32\windows.storage.dll
0x00007ff8b4580000 - 0x00007ff8b48f9000 	C:\Windows\System32\combase.dll
0x00007ff8b1ac0000 - 0x00007ff8b1c26000 	C:\Windows\SYSTEM32\wintypes.dll
0x00007ff8b3a50000 - 0x00007ff8b3a71000 	C:\Windows\SYSTEM32\profapi.dll
0x00000000723d0000 - 0x00000000723dd000 	D:\Tools\java\jdk1.8\jre\bin\management.dll
0x0000000072430000 - 0x000000007244a000 	D:\Tools\java\jdk1.8\jre\bin\net.dll
0x00007ff8b30d0000 - 0x00007ff8b3137000 	C:\Windows\system32\mswsock.dll
0x0000000072410000 - 0x0000000072421000 	D:\Tools\java\jdk1.8\jre\bin\nio.dll
0x00007ff8b27d0000 - 0x00007ff8b27fd000 	C:\Windows\SYSTEM32\IPHLPAPI.DLL
0x00007ff8b57a0000 - 0x00007ff8b57a9000 	C:\Windows\System32\NSI.dll
0x00007ff8ae890000 - 0x00007ff8ae8a9000 	C:\Windows\SYSTEM32\dhcpcsvc6.DLL
0x00007ff8aeba0000 - 0x00007ff8aebbe000 	C:\Windows\SYSTEM32\dhcpcsvc.DLL
0x00007ff8b2840000 - 0x00007ff8b2928000 	C:\Windows\SYSTEM32\DNSAPI.dll
0x00000000723a0000 - 0x00000000723c4000 	D:\Tools\java\jdk1.8\jre\bin\sunec.dll
0x00007ff8afc00000 - 0x00007ff8afc1b000 	D:\Tools\java\ideaconf\JRebel\.jrebel\jrebel-temp\ver-5d2e4324\IdeaWin64.dll
0x0000000072390000 - 0x000000007239b000 	D:\Tools\java\jdk1.8\jre\bin\sunmscapi.dll
0x00007ff8b3bc0000 - 0x00007ff8b3d22000 	C:\Windows\System32\CRYPT32.dll
0x00007ff8b3320000 - 0x00007ff8b3338000 	C:\Windows\SYSTEM32\CRYPTSP.dll
0x00007ff8b2c00000 - 0x00007ff8b2c35000 	C:\Windows\system32\rsaenh.dll
0x00007ff8b31c0000 - 0x00007ff8b31e9000 	C:\Windows\SYSTEM32\USERENV.dll
0x00007ff8b3490000 - 0x00007ff8b34b7000 	C:\Windows\SYSTEM32\bcrypt.dll
0x00007ff8b3d30000 - 0x00007ff8b3daf000 	C:\Windows\System32\bcryptprimitives.dll
0x00007ff88e040000 - 0x00007ff88e057000 	C:\Windows\system32\napinsp.dll
0x00007ff88e020000 - 0x00007ff88e03b000 	C:\Windows\system32\pnrpnsp.dll
0x00007ff88e000000 - 0x00007ff88e012000 	C:\Windows\System32\winrnr.dll
0x00007ff88dfe0000 - 0x00007ff88dff5000 	C:\Windows\system32\wshbth.dll
0x00007ff88dfc0000 - 0x00007ff88dfdf000 	C:\Windows\system32\nlansp_c.dll
0x00007ff882d80000 - 0x00007ff882e8d000 	C:\Windows\SysWOW64\ierd_tgp_lsp64.dll
0x00007ff8b5bc0000 - 0x00007ff8b5d5a000 	C:\Windows\System32\ole32.dll
0x00007ff8ad030000 - 0x00007ff8ad03a000 	C:\Windows\System32\rasadhlp.dll
0x00007ff8ad500000 - 0x00007ff8ad581000 	C:\Windows\System32\fwpuclnt.dll
0x00007ff89d060000 - 0x00007ff89d07a000 	E:\Apps Files\JetBrains\IntelliJ IDEA 2021.1\bin\breakgen64.dll
0x00007ff8b1610000 - 0x00007ff8b1831000 	C:\Windows\SYSTEM32\dbghelp.dll

VM Arguments:
jvm_args: -Drebel.base=D:\Tools\java\ideaconf\JRebel\.jrebel -Drebel.env.ide.plugin.version=2022.3.1 -Drebel.env.ide.version=2021.1 -Drebel.env.ide.product=IU -Drebel.env.ide=intellij -Drebel.notification.url=http://localhost:3541 -agentpath:D:\Tools\java\ideaconf\JRebel\.jrebel\nightly_cache\202208220009\jrebel\lib\jrebel64.dll -ea -Didea.test.cyclic.buffer.size=1048576 -javaagent:E:\Apps Files\JetBrains\IntelliJ IDEA 2021.1\lib\idea_rt.jar=4666:E:\Apps Files\JetBrains\IntelliJ IDEA 2021.1\bin -Dfile.encoding=UTF-8 
java_command: com.intellij.rt.junit.JUnitStarter -ideVersion5 -junit5 com.qingAn.reggie.ReggieTakeOutApplicationTests,Test01
java_class_path (initial): E:\Apps Files\JetBrains\IntelliJ IDEA 2021.1\lib\idea_rt.jar;C:\Users\Œ‚\.m2\repository\org\junit\platform\junit-platform-launcher\1.8.2\junit-platform-launcher-1.8.2.jar;C:\Users\Œ‚\.m2\repository\org\junit\platform\junit-platform-engine\1.8.2\junit-platform-engine-1.8.2.jar;C:\Users\Œ‚\.m2\repository\org\opentest4j\opentest4j\1.2.0\opentest4j-1.2.0.jar;C:\Users\Œ‚\.m2\repository\org\junit\platform\junit-platform-commons\1.8.2\junit-platform-commons-1.8.2.jar;C:\Users\Œ‚\.m2\repository\org\apiguardian\apiguardian-api\1.1.2\apiguardian-api-1.1.2.jar;E:\Apps Files\JetBrains\IntelliJ IDEA 2021.1\plugins\junit\lib\junit5-rt.jar;E:\Apps Files\JetBrains\IntelliJ IDEA 2021.1\plugins\junit\lib\junit-rt.jar;D:\Tools\java\jdk1.8\jre\lib\charsets.jar;D:\Tools\java\jdk1.8\jre\lib\deploy.jar;D:\Tools\java\jdk1.8\jre\lib\ext\access-bridge-64.jar;D:\Tools\java\jdk1.8\jre\lib\ext\cldrdata.jar;D:\Tools\java\jdk1.8\jre\lib\ext\dnsns.jar;D:\Tools\java\jdk1.8\jre\lib\ext\jaccess.jar;D:\Tools\java\jdk1.8\jre\lib\ext\jfxrt.jar;D:\Tools\java\jdk1.8\jre\lib\ext\localedata.jar;D:\Tools\java\jdk1.8\jre\lib\ext\nashorn.jar;D:\Tools\java\jdk1.8\jre\lib\ext\sunec.jar;D:\Tools\java\jdk1.8\jre\lib\ext\sunjce_provider.jar;D:\Tools\java\jdk1.8\jre\lib\ext\sunmscapi.jar;D:\Tools\java\jdk1.8\jre\lib\ext\sunpkcs11.jar;D:\Tools\java\jdk1.8\jre\lib\ext\zipfs.jar;D:\Tools\java\jdk1.8\jre\lib\javaws.jar;D:\Tools\java\jdk1.8\jre\lib\jce.jar;D:\Tools\java\jdk1.8\jre\lib\jfr.jar;D:\Tools\java\jdk1.8\jre\lib\jfxswt.jar;D:\Tools\java\jdk1.8\jre\lib\jsse.jar;D:\Tools\java\jdk1.8\jre\lib\management-agent.jar;D:\Tools\java\jdk1.8\jre\lib\plugin.jar;D:\Tools\java\jdk1.8\jre\lib\resources.jar;D:\Tools\java\jdk1.8\jre\lib\rt.jar;D:\IdeaFiles\PersonalProject\reggie_take_out\target\test-classes;D:\IdeaFiles\PersonalProject\reggie_take_out\target\classes;D:\Tools\Maven\maven-repository\org\apache\poi\poi\4.0.1\poi-4.0.1.jar;D:\Tools\Maven\maven-repository\commons-codec\commons-codec\1.15\c
Launcher Type: SUN_STANDARD

Environment Variables:
JAVA_HOME=D:\Tools\java\jdk1.8
CLASSPATH=.;D:\Tools\java\jdk1.8\lib;D:\Tools\java\jdk1.8\lib\tools.jar
PATH=C:\Windows\system32\WBEM;E:\Apps Files\VMware\VMware Workstation\bin\;C:\Windows\system32;C:\Windows;C:\Windows\System32\Wbem;C:\Windows\System32\WindowsPowerShell\v1.0\;C:\Windows\System32\OpenSSH\;C:\Program Files (x86)\NVIDIA Corporation\PhysX\Common;C:\Program Files\NVIDIA Corporation\NVIDIA NvDLISR;C:\Program Files\dotnet\;D:\Tools\java\jdk1.8\bin;D:\MySQL\MySQL Server 8.0\bin;D:\Tools\Maven\apache-maven-3.6.3\bin;C:\Program Files\Bandizip\;E:\Apps Files\Bandizip\;D:\MySQL\MySQL Shell 8.0\bin\;C:\Users\Œ‚\AppData\Local\Microsoft\WindowsApps;:\Apps Files\JetBrains\IntelliJ IDEA 2021.1\bin;D:\Tools\Git\cmd;D:\Tools\python\python-3.8.10-embed-amd64;D:\Tools\python\python-3.8.10-embed-amd64\Scripts;D:\Tools\node-v16.17.0-win-x64\;D:\MySQL\MySQL Shell 8.0\bin\;C:\Users\Œ‚\AppData\Local\Microsoft\WindowsApps;C:\Apps Files\JetBrains\IntelliJ IDEA 2021.1\bin;E:\Apps Files\Microsoft VS Code\bin;E:\Apps Files\JetBrains\PyCharm 2022.1.3\bin;;E:\Apps Files\JetBrains\WebStorm 2022.1.3\bin;
USERNAME=Œ‚
OS=Windows_NT
PROCESSOR_IDENTIFIER=Intel64 Family 6 Model 165 Stepping 2, GenuineIntel



---------------  S Y S T E M  ---------------

OS: Windows 8.1 , 64 bit Build 9600 

CPU:total 16 (8 cores per cpu, 2 threads per core) family 6 model 165 stepping 2, cmov, cx8, fxsr, mmx, sse, sse2, sse3, ssse3, sse4.1, sse4.2, popcnt, avx, avx2, aes, clmul, erms, lzcnt, ht, tsc, tscinvbit, bmi1, bmi2

Memory: 4k page, physical 16546568k(6646092k free), swap 19531528k(301776k free)

vm_info: Java HotSpot(TM) 64-Bit Server VM (25.31-b07) for windows-amd64 JRE (1.8.0_31-b13), built on Dec 17 2014 21:00:28 by "java_re" with MS VC++ 10.0 (VS2010)

time: Mon Aug 29 18:44:16 2022
elapsed time: 4 seconds (0d 0h 0m 4s)

